0 1 2 3 4: OK
       0
0 1 2 4 3: OK
       5
0 1 3 2 4: OK
       5
0 1 3 4 2: KO
       0
0 1 4 2 3: KO
       0
0 1 4 3 2: KO
       0
0 2 1 3 4: OK
       3
0 2 1 4 3: KO
       0
0 2 3 1 4: KO
       0
0 2 3 4 1: OK
       2
0 2 4 1 3: KO
       0
0 2 4 3 1: KO
       0
0 3 1 2 4: KO
       0
0 3 1 4 2: KO
       0
0 3 2 1 4: KO
       0
0 3 2 4 1: KO
       0
0 3 4 1 2: KO
       0
0 3 4 2 1: KO
       0
0 4 1 2 3: OK
       2
0 4 1 3 2: KO
       0
0 4 2 1 3: KO
       0
0 4 2 3 1: KO
       0
0 4 3 1 2: KO
       0
0 4 3 2 1: KO
       0
1 0 2 3 4: OK
       1
1 0 2 4 3: KO
       0
1 0 3 2 4: KO
       0
1 0 3 4 2: KO
       0
1 0 4 2 3: KO
       0
1 0 4 3 2: KO
       0
1 2 0 3 4: KO
       0
1 2 0 4 3: KO
       0
1 2 3 0 4: OK
       4
1 2 3 4 0: OK
       1
1 2 4 0 3: KO
       0
1 2 4 3 0: OK
       5
1 3 0 2 4: KO
       0
1 3 0 4 2: KO
       0
1 3 2 0 4: KO
       0
1 3 2 4 0: OK
       4
1 3 4 0 2: OK
       3
1 3 4 2 0: KO
       0
1 4 0 2 3: KO
       0
1 4 0 3 2: KO
       0
1 4 2 0 3: KO
       0
1 4 2 3 0: KO
       0
1 4 3 0 2: KO
       0
1 4 3 2 0: KO
       0
2 0 1 3 4: KO
       0
2 0 1 4 3: KO
       0
2 0 3 1 4: KO
       0
2 0 3 4 1: KO
       0
2 0 4 1 3: KO
       0
2 0 4 3 1: KO
       0
2 1 0 3 4: KO
       0
2 1 0 4 3: KO
       0
2 1 3 0 4: KO
       0
2 1 3 4 0: OK
       2
2 1 4 0 3: KO
       0
2 1 4 3 0: KO
       0
2 3 0 1 4: KO
       0
2 3 0 4 1: OK
       4
2 3 1 0 4: KO
       0
2 3 1 4 0: KO
       0
2 3 4 0 1: OK
       2
2 3 4 1 0: OK
       3
2 4 0 1 3: OK
       4
2 4 0 3 1: KO
       0
2 4 1 0 3: KO
       0
2 4 1 3 0: KO
       0
2 4 3 0 1: OK
       4
2 4 3 1 0: KO
       0
3 0 1 2 4: OK
       4
3 0 1 4 2: KO
       0
3 0 2 1 4: KO
       0
3 0 2 4 1: KO
       0
3 0 4 1 2: OK
       3
3 0 4 2 1: KO
       0
3 1 0 2 4: KO
       0
3 1 0 4 2: KO
       0
3 1 2 0 4: KO
       0
3 1 2 4 0: KO
       0
3 1 4 0 2: KO
       0
3 1 4 2 0: KO
       0
3 2 0 1 4: KO
       0
3 2 0 4 1: KO
       0
3 2 1 0 4: KO
       0
3 2 1 4 0: KO
       0
3 2 4 0 1: OK
       3
3 2 4 1 0: KO
       0
3 4 0 1 2: OK
       2
3 4 0 2 1: OK
       4
3 4 1 0 2: OK
       3
3 4 1 2 0: KO
       0
3 4 2 0 1: KO
       0
3 4 2 1 0: KO
       0
4 0 1 2 3: OK
       1
4 0 1 3 2: OK
       5
4 0 2 1 3: OK
       4
4 0 2 3 1: KO
       0
4 0 3 1 2: KO
       0
4 0 3 2 1: KO
       0
4 1 0 2 3: OK
       2
4 1 0 3 2: KO
       0
4 1 2 0 3: KO
       0
4 1 2 3 0: OK
       3
4 1 3 0 2: KO
       0
4 1 3 2 0: KO
       0
4 2 0 1 3: KO
       0
4 2 0 3 1: KO
       0
4 2 1 0 3: KO
       0
4 2 1 3 0: KO
       0
4 2 3 0 1: KO
       0
4 2 3 1 0: KO
       0
4 3 0 1 2: OK
       3
4 3 0 2 1: KO
       0
4 3 1 0 2: KO
       0
4 3 1 2 0: KO
       0
4 3 2 0 1: KO
       0
4 3 2 1 0: KO
       0
** stacks resulting in nb_moves > 7 : **
0 1 2 3 4: OK
       0
0 1 2 4 3: OK
       5
0 1 3 2 4: OK
       5
0 1 3 4 2: KO
       0
0 1 4 2 3: KO
       0
0 1 4 3 2: KO
       0
0 2 1 3 4: OK
       3
0 2 1 4 3: KO
       0
0 2 3 1 4: KO
       0
0 2 3 4 1: OK
       2
0 2 4 1 3: KO
       0
0 2 4 3 1: KO
       0
0 3 1 2 4: KO
       0
0 3 1 4 2: KO
       0
0 3 2 1 4: KO
       0
0 3 2 4 1: KO
       0
0 3 4 1 2: KO
       0
0 3 4 2 1: KO
       0
0 4 1 2 3: OK
       2
0 4 1 3 2: KO
       0
0 4 2 1 3: KO
       0
0 4 2 3 1: KO
       0
0 4 3 1 2: KO
       0
0 4 3 2 1: KO
       0
1 0 2 3 4: OK
       1
1 0 2 4 3: KO
       0
1 0 3 2 4: KO
       0
1 0 3 4 2: KO
       0
1 0 4 2 3: KO
       0
1 0 4 3 2: KO
       0
1 2 0 3 4: KO
       0
1 2 0 4 3: KO
       0
1 2 3 0 4: OK
       4
1 2 3 4 0: OK
       1
1 2 4 0 3: KO
       0
1 2 4 3 0: OK
       5
1 3 0 2 4: KO
       0
1 3 0 4 2: KO
       0
1 3 2 0 4: KO
       0
1 3 2 4 0: OK
       4
1 3 4 0 2: OK
       3
1 3 4 2 0: KO
       0
1 4 0 2 3: KO
       0
1 4 0 3 2: KO
       0
1 4 2 0 3: KO
       0
1 4 2 3 0: KO
       0
1 4 3 0 2: KO
       0
1 4 3 2 0: KO
       0
2 0 1 3 4: KO
       0
2 0 1 4 3: KO
       0
2 0 3 1 4: KO
       0
2 0 3 4 1: KO
       0
2 0 4 1 3: KO
       0
2 0 4 3 1: KO
       0
2 1 0 3 4: KO
       0
2 1 0 4 3: KO
       0
2 1 3 0 4: KO
       0
2 1 3 4 0: OK
       2
2 1 4 0 3: KO
       0
2 1 4 3 0: KO
       0
2 3 0 1 4: KO
       0
2 3 0 4 1: OK
       4
2 3 1 0 4: KO
       0
2 3 1 4 0: KO
       0
2 3 4 0 1: OK
       2
2 3 4 1 0: OK
       3
2 4 0 1 3: OK
       4
2 4 0 3 1: KO
       0
2 4 1 0 3: KO
       0
2 4 1 3 0: KO
       0
2 4 3 0 1: OK
       4
2 4 3 1 0: KO
       0
3 0 1 2 4: OK
       4
3 0 1 4 2: KO
       0
3 0 2 1 4: KO
       0
3 0 2 4 1: KO
       0
3 0 4 1 2: OK
       3
3 0 4 2 1: KO
       0
3 1 0 2 4: KO
       0
3 1 0 4 2: KO
       0
3 1 2 0 4: KO
       0
3 1 2 4 0: KO
       0
3 1 4 0 2: KO
       0
3 1 4 2 0: KO
       0
3 2 0 1 4: KO
       0
3 2 0 4 1: KO
       0
3 2 1 0 4: KO
       0
3 2 1 4 0: KO
       0
3 2 4 0 1: OK
       3
3 2 4 1 0: KO
       0
3 4 0 1 2: OK
       2
3 4 0 2 1: OK
       4
3 4 1 0 2: OK
       3
3 4 1 2 0: KO
       0
3 4 2 0 1: KO
       0
3 4 2 1 0: KO
       0
4 0 1 2 3: OK
       1
4 0 1 3 2: OK
       5
4 0 2 1 3: OK
       4
4 0 2 3 1: KO
       0
4 0 3 1 2: KO
       0
4 0 3 2 1: KO
       0
4 1 0 2 3: OK
       2
4 1 0 3 2: KO
       0
4 1 2 0 3: KO
       0
4 1 2 3 0: OK
       3
4 1 3 0 2: KO
       0
4 1 3 2 0: KO
       0
4 2 0 1 3: KO
       0
4 2 0 3 1: KO
       0
4 2 1 0 3: KO
       0
4 2 1 3 0: KO
       0
4 2 3 0 1: KO
       0
4 2 3 1 0: KO
       0
4 3 0 1 2: OK
       3
4 3 0 2 1: KO
       0
4 3 1 0 2: KO
       0
4 3 1 2 0: KO
       0
4 3 2 0 1: KO
       0
4 3 2 1 0: KO
       0
** stacks resulting in nb_moves > 7 : **
0 1 2 3 4: OK
       0
0 1 2 4 3: OK
       5
0 1 3 2 4: OK
       5
0 1 3 4 2: KO
       0
0 1 4 2 3: KO
       0
0 1 4 3 2: KO
       0
0 2 1 3 4: OK
       3
0 2 1 4 3: KO
       0
0 2 3 1 4: KO
       0
0 2 3 4 1: OK
       2
0 2 4 1 3: KO
       0
0 2 4 3 1: KO
       0
0 3 1 2 4: KO
       0
0 3 1 4 2: KO
       0
0 3 2 1 4: KO
       0
0 3 2 4 1: KO
       0
0 3 4 1 2: KO
       0
0 3 4 2 1: KO
       0
0 4 1 2 3: OK
       2
0 4 1 3 2: KO
       0
0 4 2 1 3: KO
       0
0 4 2 3 1: KO
       0
0 4 3 1 2: KO
       0
0 4 3 2 1: KO
       0
1 0 2 3 4: OK
       1
1 0 2 4 3: KO
       0
1 0 3 2 4: KO
       0
1 0 3 4 2: KO
       0
1 0 4 2 3: KO
       0
1 0 4 3 2: KO
       0
1 2 0 3 4: KO
       0
1 2 0 4 3: KO
       0
1 2 3 0 4: OK
       4
1 2 3 4 0: OK
       1
1 2 4 0 3: KO
       0
1 2 4 3 0: OK
       5
1 3 0 2 4: KO
       0
1 3 0 4 2: KO
       0
1 3 2 0 4: KO
       0
1 3 2 4 0: OK
       4
1 3 4 0 2: OK
       3
1 3 4 2 0: KO
       0
1 4 0 2 3: KO
       0
1 4 0 3 2: KO
       0
1 4 2 0 3: KO
       0
1 4 2 3 0: KO
       0
1 4 3 0 2: KO
       0
1 4 3 2 0: KO
       0
2 0 1 3 4: KO
       0
2 0 1 4 3: KO
       0
2 0 3 1 4: KO
       0
2 0 3 4 1: KO
       0
2 0 4 1 3: KO
       0
2 0 4 3 1: KO
       0
2 1 0 3 4: KO
       0
2 1 0 4 3: KO
       0
2 1 3 0 4: KO
       0
2 1 3 4 0: OK
       2
2 1 4 0 3: KO
       0
2 1 4 3 0: KO
       0
2 3 0 1 4: KO
       0
2 3 0 4 1: OK
       4
2 3 1 0 4: KO
       0
2 3 1 4 0: KO
       0
2 3 4 0 1: OK
       2
2 3 4 1 0: OK
       3
2 4 0 1 3: OK
       4
2 4 0 3 1: KO
       0
2 4 1 0 3: KO
       0
2 4 1 3 0: KO
       0
2 4 3 0 1: OK
       4
2 4 3 1 0: KO
       0
3 0 1 2 4: OK
       4
3 0 1 4 2: KO
       0
3 0 2 1 4: KO
       0
3 0 2 4 1: KO
       0
3 0 4 1 2: OK
       3
3 0 4 2 1: KO
       0
3 1 0 2 4: KO
       0
3 1 0 4 2: KO
       0
3 1 2 0 4: KO
       0
3 1 2 4 0: KO
       0
3 1 4 0 2: KO
       0
3 1 4 2 0: KO
       0
3 2 0 1 4: KO
       0
3 2 0 4 1: KO
       0
3 2 1 0 4: KO
       0
3 2 1 4 0: KO
       0
3 2 4 0 1: OK
       3
3 2 4 1 0: KO
       0
3 4 0 1 2: OK
       2
3 4 0 2 1: OK
       4
3 4 1 0 2: OK
       3
3 4 1 2 0: KO
       0
3 4 2 0 1: KO
       0
3 4 2 1 0: KO
       0
4 0 1 2 3: OK
       1
4 0 1 3 2: OK
       5
4 0 2 1 3: OK
       4
4 0 2 3 1: KO
       0
4 0 3 1 2: KO
       0
4 0 3 2 1: KO
       0
4 1 0 2 3: OK
       2
4 1 0 3 2: KO
       0
4 1 2 0 3: KO
       0
4 1 2 3 0: OK
       3
4 1 3 0 2: KO
       0
4 1 3 2 0: KO
       0
4 2 0 1 3: KO
       0
4 2 0 3 1: KO
       0
4 2 1 0 3: KO
       0
4 2 1 3 0: KO
       0
4 2 3 0 1: KO
       0
4 2 3 1 0: KO
       0
4 3 0 1 2: OK
       3
4 3 0 2 1: KO
       0
4 3 1 0 2: KO
       0
4 3 1 2 0: KO
       0
4 3 2 0 1: KO
       0
4 3 2 1 0: KO
       0
** stacks resulting in nb_moves > 7 : **
0 1 2 3 4: OK
       0
0 1 2 4 3: OK
       5
0 1 3 2 4: OK
       5
0 1 3 4 2: KO
       0
0 1 4 2 3: KO
       0
0 1 4 3 2: KO
       0
0 2 1 3 4: OK
       3
0 2 1 4 3: KO
       0
0 2 3 1 4: KO
       0
0 2 3 4 1: OK
       2
0 2 4 1 3: KO
       0
0 2 4 3 1: KO
       0
0 3 1 2 4: KO
       0
0 3 1 4 2: KO
       0
0 3 2 1 4: KO
       0
0 3 2 4 1: KO
       0
0 3 4 1 2: KO
       0
0 3 4 2 1: KO
       0
0 4 1 2 3: OK
       2
0 4 1 3 2: KO
       0
0 4 2 1 3: KO
       0
0 4 2 3 1: KO
       0
0 4 3 1 2: KO
       0
0 4 3 2 1: KO
       0
1 0 2 3 4: OK
       1
1 0 2 4 3: KO
       0
1 0 3 2 4: KO
       0
1 0 3 4 2: KO
       0
1 0 4 2 3: KO
       0
1 0 4 3 2: KO
       0
1 2 0 3 4: KO
       0
1 2 0 4 3: KO
       0
1 2 3 0 4: OK
       4
1 2 3 4 0: OK
       1
1 2 4 0 3: KO
       0
1 2 4 3 0: OK
       5
1 3 0 2 4: KO
       0
1 3 0 4 2: KO
       0
1 3 2 0 4: KO
       0
1 3 2 4 0: OK
       4
1 3 4 0 2: OK
       3
1 3 4 2 0: KO
       0
1 4 0 2 3: KO
       0
1 4 0 3 2: KO
       0
1 4 2 0 3: KO
       0
1 4 2 3 0: KO
       0
1 4 3 0 2: KO
       0
1 4 3 2 0: KO
       0
2 0 1 3 4: KO
       0
2 0 1 4 3: KO
       0
2 0 3 1 4: KO
       0
2 0 3 4 1: KO
       0
2 0 4 1 3: KO
       0
2 0 4 3 1: KO
       0
2 1 0 3 4: KO
       0
2 1 0 4 3: KO
       0
2 1 3 0 4: KO
       0
2 1 3 4 0: OK
       2
2 1 4 0 3: KO
       0
2 1 4 3 0: KO
       0
2 3 0 1 4: KO
       0
2 3 0 4 1: OK
       4
2 3 1 0 4: KO
       0
2 3 1 4 0: KO
       0
2 3 4 0 1: OK
       2
2 3 4 1 0: OK
       3
2 4 0 1 3: OK
       4
2 4 0 3 1: KO
       0
2 4 1 0 3: KO
       0
2 4 1 3 0: KO
       0
2 4 3 0 1: OK
       4
2 4 3 1 0: KO
       0
3 0 1 2 4: OK
       4
3 0 1 4 2: KO
       0
3 0 2 1 4: KO
       0
3 0 2 4 1: KO
       0
3 0 4 1 2: OK
       3
3 0 4 2 1: KO
       0
3 1 0 2 4: KO
       0
3 1 0 4 2: KO
       0
3 1 2 0 4: KO
       0
3 1 2 4 0: KO
       0
3 1 4 0 2: KO
       0
3 1 4 2 0: KO
       0
3 2 0 1 4: KO
       0
3 2 0 4 1: KO
       0
3 2 1 0 4: KO
       0
3 2 1 4 0: KO
       0
3 2 4 0 1: OK
       3
3 2 4 1 0: KO
       0
3 4 0 1 2: OK
       2
3 4 0 2 1: OK
       4
3 4 1 0 2: OK
       3
3 4 1 2 0: KO
       0
3 4 2 0 1: KO
       0
3 4 2 1 0: KO
       0
4 0 1 2 3: OK
       1
4 0 1 3 2: OK
       5
4 0 2 1 3: OK
       4
4 0 2 3 1: KO
       0
4 0 3 1 2: KO
       0
4 0 3 2 1: KO
       0
4 1 0 2 3: OK
       2
4 1 0 3 2: KO
       0
4 1 2 0 3: KO
       0
4 1 2 3 0: OK
       3
4 1 3 0 2: KO
       0
4 1 3 2 0: KO
       0
4 2 0 1 3: KO
       0
4 2 0 3 1: KO
       0
4 2 1 0 3: KO
       0
4 2 1 3 0: KO
       0
4 2 3 0 1: KO
       0
4 2 3 1 0: KO
       0
4 3 0 1 2: OK
       3
4 3 0 2 1: KO
       0
4 3 1 0 2: KO
       0
4 3 1 2 0: KO
       0
4 3 2 0 1: KO
       0
4 3 2 1 0: KO
       0
** stacks resulting in nb_moves > 7 : **
