12c12
<        8
---
>        6
34c34
<        7
---
>        4
78c78
<        7
---
>        8
86c86
<        6
---
>        5
96c96
<        7
---
>        9
98c98
<        5
---
>        6
108c108
<        6
---
>       10
144c144
<        6
---
>        9
156c156
<        5
---
>        9
160c160
<        7
---
>       10
192c192
<        9
---
>        8
204c204
<        9
---
>        7
208c208
<        6
---
>        8
222c222
<        8
---
>        9
226c226
<        7
---
>        5
242d241
< 	0 1 4 3 2 --> 8
244a244,245
> 	1 3 2 0 4 --> 8
> 	1 4 3 2 0 --> 9
245a247
> 	2 0 4 3 1 --> 10
250a253
> 	2 4 3 1 0 --> 9
252a256,257
> 	3 0 4 2 1 --> 9
> 	3 1 0 4 2 --> 10
256,258c261,263
< 	3 4 2 1 0 --> 9
< 	4 0 3 2 1 --> 9
< 	4 2 1 0 3 --> 8
---
> 	3 4 2 1 0 --> 8
> 	4 1 0 3 2 --> 8
> 	4 2 1 0 3 --> 9
